<?xml version="1.0" encoding="UTF-8"?>
<!-- Generated by org.testng.reporters.JUnitReportReporter -->
<testsuite hostname="DESKTOP-N1TOSPP" failures="0" tests="1" name="Git.Git" time="5.520" errors="0" timestamp="2024-07-17T11:19:35 IST" skipped="0">
  <testcase classname="Git.Git" name="GitM" time="5.520"/>
</testsuite> <!-- Git.Git -->
